<?xml version="1.0" encoding="UTF-8"?>
<!-- Generated by org.testng.reporters.JUnitReportReporter -->
<testsuite hostname="konduris-MacBook-Air.local" failures="0" tests="1" name="testSuite.CategoriesPageTestClass" time="7.523" errors="0" timestamp="2025-08-10T13:07:33 IST" skipped="0">
  <testcase classname="testSuite.CategoriesPageTestClass" name="Scenario2" time="7.523"/>
  <system-out/>
</testsuite> <!-- testSuite.CategoriesPageTestClass -->
