<?xml version="1.0" encoding="UTF-8"?>
<!-- Generated by org.testng.reporters.JUnitReportReporter -->
<testsuite hostname="konduris-MacBook-Air.local" failures="0" tests="1" name="testSuite.AccountPageTestClass" time="6.055" errors="0" timestamp="2025-09-14T08:01:06 IST" skipped="0">
  <testcase classname="testSuite.AccountPageTestClass" name="Scenario3" time="6.055"/>
  <system-out/>
</testsuite> <!-- testSuite.AccountPageTestClass -->
