<?xml version="1.0" encoding="UTF-8"?>
<!-- Generated by org.testng.reporters.JUnitReportReporter -->
<testsuite hostname="konduris-MacBook-Air.local" failures="0" tests="6" name="testSuite.BottomNavigationBarDataProvider" time="8.613" errors="0" timestamp="2025-09-14T08:01:06 IST" skipped="0">
  <testcase classname="testSuite.BottomNavigationBarDataProvider" name="testMethod" time="1.412"/>
  <system-out/>
  <testcase classname="testSuite.BottomNavigationBarDataProvider" name="testMethod" time="1.773"/>
  <system-out/>
  <testcase classname="testSuite.BottomNavigationBarDataProvider" name="testMethod" time="1.163"/>
  <system-out/>
  <testcase classname="testSuite.BottomNavigationBarDataProvider" name="testMethod" time="3.812"/>
  <system-out/>
  <testcase classname="testSuite.BottomNavigationBarDataProvider" name="testMethod" time="0.334"/>
  <system-out/>
  <testcase classname="testSuite.BottomNavigationBarDataProvider" name="testMethod" time="0.119"/>
  <system-out/>
</testsuite> <!-- testSuite.BottomNavigationBarDataProvider -->
