<?xml version="1.0" encoding="UTF-8"?>
<!-- Generated by org.testng.reporters.JUnitReportReporter -->
<testsuite hostname="konduris-MacBook-Air.local" failures="0" tests="2" name="testSuite.CartPageTestClass" time="1.702" errors="0" timestamp="2025-08-10T13:07:33 IST" skipped="0">
  <testcase classname="testSuite.CartPageTestClass" name="Scenario3" time="1.342"/>
  <system-out/>
  <testcase classname="testSuite.CartPageTestClass" name="Scenario4" time="0.360"/>
  <system-out/>
</testsuite> <!-- testSuite.CartPageTestClass -->
