<?xml version="1.0" encoding="UTF-8"?>
<!-- Generated by org.testng.reporters.JUnitReportReporter -->
<testsuite hostname="konduris-MacBook-Air.local" failures="0" tests="3" name="testSuite.DataProvidersExample" time="0.003" errors="0" timestamp="2025-08-19T08:49:21 IST" skipped="0">
  <testcase classname="testSuite.DataProvidersExample" name="testMethod" time="0.000"/>
  <system-out/>
  <testcase classname="testSuite.DataProvidersExample" name="testMethod" time="0.003"/>
  <system-out/>
  <testcase classname="testSuite.DataProvidersExample" name="testMethod" time="0.000"/>
  <system-out/>
</testsuite> <!-- testSuite.DataProvidersExample -->
