<?xml version="1.0" encoding="UTF-8"?>
<!-- Generated by org.testng.reporters.JUnitReportReporter -->
<testsuite hostname="konduris-MacBook-Air.local" failures="0" tests="1" name="testSuite.PlayPageTestClass" time="1.576" errors="0" timestamp="2025-08-10T13:07:33 IST" skipped="0">
  <testcase classname="testSuite.PlayPageTestClass" name="Scenario3" time="1.576"/>
  <system-out/>
</testsuite> <!-- testSuite.PlayPageTestClass -->
