<?xml version="1.0" encoding="UTF-8"?>
<!-- Generated by org.testng.reporters.JUnitReportReporter -->
<testsuite hostname="konduris-MacBook-Air.local" failures="0" tests="2" name="testSuite.CartPageTestClass" time="5.193" errors="0" timestamp="2025-09-14T08:01:06 IST" skipped="0">
  <testcase classname="testSuite.CartPageTestClass" name="Scenario4" time="2.831"/>
  <system-out/>
  <testcase classname="testSuite.CartPageTestClass" name="Scenario3" time="2.362"/>
  <system-out/>
</testsuite> <!-- testSuite.CartPageTestClass -->
