<?xml version="1.0" encoding="UTF-8"?>
<!-- Generated by org.testng.reporters.JUnitReportReporter -->
<testsuite hostname="konduris-MacBook-Air.local" failures="0" tests="1" name="testSuite.FlipkartBasicValidations" time="23.892" errors="0" timestamp="2025-08-10T08:59:19 IST" skipped="0">
  <testcase classname="testSuite.FlipkartBasicValidations" name="Scenario1" time="23.892"/>
  <system-out/>
</testsuite> <!-- testSuite.FlipkartBasicValidations -->
